Compiling rkdb...
Resolving dependencies...
Downloading packages...
  _fe_analyzer_shared 88.0.0 (90.0.0 available)
  analyzer 8.1.1 (8.3.0 available)
  build 4.0.0 (4.0.2 available)
  build_runner 2.8.0 (2.9.0 available)
  chalkdart 2.4.0 (3.0.5 available)
  dcli 7.0.5 (7.1.1 available)
  dcli_common 7.0.2 (7.1.0 available)
  dcli_core 7.0.3 (7.1.0 available)
  dcli_terminal 7.0.3 (7.1.0 available)
  drift 2.28.1 (2.28.2 available)
  intl 0.19.0 (0.20.2 available)
  pubspec_manager 1.0.3 (2.0.1 available)
  source_gen 4.0.1 (4.0.2 available)
  sqlite3 2.9.0 (2.9.3 available)
  sum_types 0.3.5 (0.4.0 available)
  system_info2 4.0.0 (4.1.0 available)
  very_good_analysis 9.0.0 (10.0.0 available)
  watcher 1.1.3 (1.1.4 available)
  win32 5.14.0 (5.15.0 available)
Got dependencies!
19 packages have newer versions incompatible with dependency constraints.
Try `dart pub outdated` for more information.
Generated: /Users/jeroen/Projects/other/rkdb_dart/build/rkdb
Compilation complete.
[38;5;248;1m[16:10:18][0m             [38;5;232;1m[34;1mRequestPool[0m [38;5;232;1mconstructor    [0m [38;5;244;1m・[0m created RequestPool with maxConcurrent=3, maxRetries=3, retryDelay=0:00:05.000000[0m
[38;5;248;1m[16:10:18][0m [38;5;232;1m(+    0 ms)[0m Loading crawl config from: /Users/jeroen/.rkdb/crawl_config.yaml
[38;5;248;1m[16:10:18][0m [38;5;232;1m(+  240 ms)[0m [38;5;232;1mStored access and refresh tokens have expired -- logging in instead[0m
[38;5;248;1m[16:10:18][0m [38;5;232;1m(+    0 ms)[0m [38;5;232;1mRemoving credentials from cache[0m
[38;5;248;1m[16:10:18][0m [38;5;232;1m(+    5 ms)[0m [38;5;232;1mGetting authorization URL: https://accounts.spotify.com/authorize?response_type=code&client_id=ca5c8c3753ae460bb7cc1dacb3836fab&redirect_uri=https%3A%2F%2Freact-native-firebase-testing.firebaseapp.com%2F__%2Fauth%2Fhandler&code_challenge=0ZSaf83V914fkbs5UY0sj65Px1lYg0Cvnnqsy_PrDJQ&code_challenge_method=S256&scope=ugc-image-upload+user-read-playback-state+user-modify-playback-state+user-read-currently-playing+app-remote-control+streaming+playlist-read-private+playlist-read-collaborative+playlist-modify-private+playlist-modify-public+user-follow-modify+user-follow-read+user-read-playback-position+user-top-read+user-read-recently-played+user-library-modify+user-library-read+user-read-email+user-read-private[0m
[38;5;248;1m[16:10:18][0m [38;5;232;1m(+    0 ms)[0m ↴
  Please open a browser to this URL:
  
    https://accounts.spotify.com/authorize?response_type=code&client_id=ca5c8c3753ae460bb7cc1dacb3836fab&redirect_uri=https%3A%2F%2Freact-native-firebase-testing.firebaseapp.com%2F__%2Fauth%2Fhandler&code_challenge=0ZSaf83V914fkbs5UY0sj65Px1lYg0Cvnnqsy_PrDJQ&code_challenge_method=S256&scope=ugc-image-upload+user-read-playback-state+user-modify-playback-state+user-read-currently-playing+app-remote-control+streaming+playlist-read-private+playlist-read-collaborative+playlist-modify-private+playlist-modify-public+user-follow-modify+user-follow-read+user-read-playback-position+user-top-read+user-read-recently-played+user-library-modify+user-library-read+user-read-email+user-read-private
  
Please paste the URL from the browser after you have logged in: 